{"numTotalTestSuites":10,"numPassedTestSuites":10,"numFailedTestSuites":0,"numPendingTestSuites":0,"numTotalTests":18,"numPassedTests":18,"numFailedTests":0,"numPendingTests":0,"numTodoTests":0,"snapshot":{"added":0,"failure":false,"filesAdded":0,"filesRemoved":0,"filesRemovedList":[],"filesUnmatched":0,"filesUpdated":0,"matched":0,"total":0,"unchecked":0,"uncheckedKeysByFile":[],"unmatched":0,"updated":0,"didUpdate":false},"startTime":1764487095207,"success":true,"testResults":[{"assertionResults":[{"ancestorTitles":["CommentsExtractor"],"fullName":"CommentsExtractor should be able to extract comments from DOM structure","status":"passed","title":"should be able to extract comments from DOM structure","duration":0.8804999999999836,"failureMessages":[],"meta":{}}],"startTime":1764487096173,"endTime":1764487096173.8806,"status":"passed","message":"","name":"C:/AM/GitHub/YouTube-AI-Navigator/tests/comments.test.js"},{"assertionResults":[{"ancestorTitles":["ErrorHandler"],"fullName":"ErrorHandler should classify auth error","status":"passed","title":"should classify auth error","duration":1.1648999999999887,"failureMessages":[],"meta":{}},{"ancestorTitles":["ErrorHandler"],"fullName":"ErrorHandler should classify rate limit error","status":"passed","title":"should classify rate limit error","duration":0.44469999999989795,"failureMessages":[],"meta":{}},{"ancestorTitles":["ErrorHandler"],"fullName":"ErrorHandler should classify bad request","status":"passed","title":"should classify bad request","duration":0.20269999999993615,"failureMessages":[],"meta":{}},{"ancestorTitles":["ErrorHandler"],"fullName":"ErrorHandler should classify server error","status":"passed","title":"should classify server error","duration":0.3000999999999294,"failureMessages":[],"meta":{}},{"ancestorTitles":["ErrorHandler"],"fullName":"ErrorHandler should classify timeout","status":"passed","title":"should classify timeout","duration":0.30160000000000764,"failureMessages":[],"meta":{}},{"ancestorTitles":["ErrorHandler"],"fullName":"ErrorHandler should classify network error","status":"passed","title":"should classify network error","duration":0.12629999999990105,"failureMessages":[],"meta":{}},{"ancestorTitles":["ErrorHandler"],"fullName":"ErrorHandler should create user error","status":"passed","title":"should create user error","duration":0.19820000000004256,"failureMessages":[],"meta":{}},{"ancestorTitles":["ErrorHandler"],"fullName":"ErrorHandler should handle unknown errors","status":"passed","title":"should handle unknown errors","duration":0.10810000000003583,"failureMessages":[],"meta":{}}],"startTime":1764487096182,"endTime":1764487096185.1982,"status":"passed","message":"","name":"C:/AM/GitHub/YouTube-AI-Navigator/tests/error-handler.test.js"},{"assertionResults":[{"ancestorTitles":["Import Integrity"],"fullName":"Import Integrity validates all imports have matching exports","status":"passed","title":"validates all imports have matching exports","duration":37.372600000000034,"failureMessages":[],"meta":{}},{"ancestorTitles":["Import Integrity"],"fullName":"Import Integrity validates no default exports","status":"passed","title":"validates no default exports","duration":13.865299999999934,"failureMessages":[],"meta":{}},{"ancestorTitles":["Import Integrity"],"fullName":"Import Integrity validates no duplicate shortcut names","status":"passed","title":"validates no duplicate shortcut names","duration":1.695799999999963,"failureMessages":[],"meta":{}}],"startTime":1764487096174,"endTime":1764487096226.6958,"status":"passed","message":"","name":"C:/AM/GitHub/YouTube-AI-Navigator/tests/import-integrity.test.js"},{"assertionResults":[{"ancestorTitles":["AutoSave"],"fullName":"AutoSave should save settings after delay","status":"passed","title":"should save settings after delay","duration":4.303999999999974,"failureMessages":[],"meta":{}},{"ancestorTitles":["AutoSave"],"fullName":"AutoSave should debounce multiple saves","status":"passed","title":"should debounce multiple saves","duration":0.9961000000000695,"failureMessages":[],"meta":{}},{"ancestorTitles":["AutoSave"],"fullName":"AutoSave should handle save errors","status":"passed","title":"should handle save errors","duration":0.550200000000018,"failureMessages":[],"meta":{}}],"startTime":1764487096209,"endTime":1764487096214.5503,"status":"passed","message":"","name":"C:/AM/GitHub/YouTube-AI-Navigator/tests/options.test.js"},{"assertionResults":[{"ancestorTitles":["AutoSkip"],"fullName":"AutoSkip should skip sponsor segments","status":"passed","title":"should skip sponsor segments","duration":2.1161999999999352,"failureMessages":[],"meta":{}},{"ancestorTitles":["AutoSkip"],"fullName":"AutoSkip should speed up intro segments","status":"passed","title":"should speed up intro segments","duration":0.5289000000000215,"failureMessages":[],"meta":{}},{"ancestorTitles":["AutoSkip"],"fullName":"AutoSkip should restore speed after segment","status":"passed","title":"should restore speed after segment","duration":0.40019999999992706,"failureMessages":[],"meta":{}}],"startTime":1764487096209,"endTime":1764487096211.5288,"status":"passed","message":"","name":"C:/AM/GitHub/YouTube-AI-Navigator/tests/skipping.test.js"}]}