{"numTotalTestSuites":16,"numPassedTestSuites":16,"numFailedTestSuites":0,"numPendingTestSuites":0,"numTotalTests":28,"numPassedTests":28,"numFailedTests":0,"numPendingTests":0,"numTodoTests":0,"snapshot":{"added":0,"failure":false,"filesAdded":0,"filesRemoved":0,"filesRemovedList":[],"filesUnmatched":0,"filesUpdated":0,"matched":0,"total":0,"unchecked":0,"uncheckedKeysByFile":[],"unmatched":0,"updated":0,"didUpdate":false},"startTime":1764488599853,"success":true,"testResults":[{"assertionResults":[{"ancestorTitles":["CommentsExtractor"],"fullName":"CommentsExtractor should be able to extract comments from DOM structure","status":"passed","title":"should be able to extract comments from DOM structure","duration":2.157699999999977,"failureMessages":[],"meta":{}}],"startTime":1764488601204,"endTime":1764488601206.1577,"status":"passed","message":"","name":"C:/AM/GitHub/YouTube-AI-Navigator/tests/comments.test.js"},{"assertionResults":[{"ancestorTitles":["ErrorHandler"],"fullName":"ErrorHandler should classify auth error","status":"passed","title":"should classify auth error","duration":1.6157000000000608,"failureMessages":[],"meta":{}},{"ancestorTitles":["ErrorHandler"],"fullName":"ErrorHandler should classify rate limit error","status":"passed","title":"should classify rate limit error","duration":0.3734999999999218,"failureMessages":[],"meta":{}},{"ancestorTitles":["ErrorHandler"],"fullName":"ErrorHandler should classify bad request","status":"passed","title":"should classify bad request","duration":0.223700000000008,"failureMessages":[],"meta":{}},{"ancestorTitles":["ErrorHandler"],"fullName":"ErrorHandler should classify server error","status":"passed","title":"should classify server error","duration":0.3423999999999978,"failureMessages":[],"meta":{}},{"ancestorTitles":["ErrorHandler"],"fullName":"ErrorHandler should classify timeout","status":"passed","title":"should classify timeout","duration":0.29919999999992797,"failureMessages":[],"meta":{}},{"ancestorTitles":["ErrorHandler"],"fullName":"ErrorHandler should classify network error","status":"passed","title":"should classify network error","duration":0.17509999999992942,"failureMessages":[],"meta":{}},{"ancestorTitles":["ErrorHandler"],"fullName":"ErrorHandler should create user error","status":"passed","title":"should create user error","duration":0.26749999999992724,"failureMessages":[],"meta":{}},{"ancestorTitles":["ErrorHandler"],"fullName":"ErrorHandler should handle unknown errors","status":"passed","title":"should handle unknown errors","duration":0.16879999999991924,"failureMessages":[],"meta":{}}],"startTime":1764488601202,"endTime":1764488601206.1687,"status":"passed","message":"","name":"C:/AM/GitHub/YouTube-AI-Navigator/tests/error-handler.test.js"},{"assertionResults":[{"ancestorTitles":["Import Integrity"],"fullName":"Import Integrity validates all imports have matching exports","status":"passed","title":"validates all imports have matching exports","duration":62.969499999999925,"failureMessages":[],"meta":{}},{"ancestorTitles":["Import Integrity"],"fullName":"Import Integrity validates no default exports","status":"passed","title":"validates no default exports","duration":22.60660000000007,"failureMessages":[],"meta":{}},{"ancestorTitles":["Import Integrity"],"fullName":"Import Integrity validates no duplicate shortcut names","status":"passed","title":"validates no duplicate shortcut names","duration":2.5773000000001502,"failureMessages":[],"meta":{}}],"startTime":1764488601184,"endTime":1764488601271.5774,"status":"passed","message":"","name":"C:/AM/GitHub/YouTube-AI-Navigator/tests/import-integrity.test.js"},{"assertionResults":[{"ancestorTitles":["AutoSave"],"fullName":"AutoSave should save settings after delay","status":"passed","title":"should save settings after delay","duration":5.961999999999989,"failureMessages":[],"meta":{}},{"ancestorTitles":["AutoSave"],"fullName":"AutoSave should debounce multiple saves","status":"passed","title":"should debounce multiple saves","duration":1.45699999999988,"failureMessages":[],"meta":{}},{"ancestorTitles":["AutoSave"],"fullName":"AutoSave should handle save errors","status":"passed","title":"should handle save errors","duration":0.9722000000001572,"failureMessages":[],"meta":{}}],"startTime":1764488601243,"endTime":1764488601250.9722,"status":"passed","message":"","name":"C:/AM/GitHub/YouTube-AI-Navigator/tests/options.test.js"},{"assertionResults":[{"ancestorTitles":["ScrollManager"],"fullName":"ScrollManager should be a singleton","status":"passed","title":"should be a singleton","duration":44.847099999999955,"failureMessages":[],"meta":{}},{"ancestorTitles":["ScrollManager"],"fullName":"ScrollManager should scroll to comments using smart scroll","status":"passed","title":"should scroll to comments using smart scroll","duration":1.8844000000001415,"failureMessages":[],"meta":{}}],"startTime":1764488601193,"endTime":1764488601239.8845,"status":"passed","message":"","name":"C:/AM/GitHub/YouTube-AI-Navigator/tests/scroll-manager.test.js"},{"assertionResults":[{"ancestorTitles":["Segment Configuration"],"fullName":"Segment Configuration default config includes all segment categories","status":"passed","title":"default config includes all segment categories","duration":3.0109999999999673,"failureMessages":[],"meta":{}},{"ancestorTitles":["Segment Configuration"],"fullName":"Segment Configuration merges loaded settings preserving custom category configs","status":"passed","title":"merges loaded settings preserving custom category configs","duration":0.6157000000000608,"failureMessages":[],"meta":{}}],"startTime":1764488601247,"endTime":1764488601250.6157,"status":"passed","message":"","name":"C:/AM/GitHub/YouTube-AI-Navigator/tests/segments-config.test.js"},{"assertionResults":[{"ancestorTitles":["SettingsManager"],"fullName":"SettingsManager initializes with default segment categories populated","status":"passed","title":"initializes with default segment categories populated","duration":2.167799999999943,"failureMessages":[],"meta":{}},{"ancestorTitles":["SettingsManager"],"fullName":"SettingsManager includes all segment categories in defaults","status":"passed","title":"includes all segment categories in defaults","duration":1.3923999999999523,"failureMessages":[],"meta":{}},{"ancestorTitles":["SettingsManager"],"fullName":"SettingsManager sets sponsor category to skip by default","status":"passed","title":"sets sponsor category to skip by default","duration":0.31300000000010186,"failureMessages":[],"meta":{}},{"ancestorTitles":["SettingsManager"],"fullName":"SettingsManager sets poi_highlight to ignore by default","status":"passed","title":"sets poi_highlight to ignore by default","duration":0.5286000000000968,"failureMessages":[],"meta":{}},{"ancestorTitles":["SettingsManager"],"fullName":"SettingsManager merges loaded settings with defaults preserving custom values","status":"passed","title":"merges loaded settings with defaults preserving custom values","duration":0.709999999999809,"failureMessages":[],"meta":{}},{"ancestorTitles":["SettingsManager"],"fullName":"SettingsManager handles empty loaded settings gracefully","status":"passed","title":"handles empty loaded settings gracefully","duration":0.4596999999998843,"failureMessages":[],"meta":{}}],"startTime":1764488601247,"endTime":1764488601252.4597,"status":"passed","message":"","name":"C:/AM/GitHub/YouTube-AI-Navigator/tests/settings-manager.test.js"},{"assertionResults":[{"ancestorTitles":["AutoSkip"],"fullName":"AutoSkip should skip sponsor segments","status":"passed","title":"should skip sponsor segments","duration":3.1045999999998912,"failureMessages":[],"meta":{}},{"ancestorTitles":["AutoSkip"],"fullName":"AutoSkip should speed up intro segments","status":"passed","title":"should speed up intro segments","duration":0.7649999999998727,"failureMessages":[],"meta":{}},{"ancestorTitles":["AutoSkip"],"fullName":"AutoSkip should restore speed after segment","status":"passed","title":"should restore speed after segment","duration":0.6083000000000993,"failureMessages":[],"meta":{}}],"startTime":1764488601246,"endTime":1764488601250.6084,"status":"passed","message":"","name":"C:/AM/GitHub/YouTube-AI-Navigator/tests/skipping.test.js"}]}